<?xml version="1.0" encoding="UTF-8"?>
<!-- Generated by org.testng.reporters.JUnitReportReporter -->
<testsuite skipped="0" hostname="AGI-LT-1606" name="com.sam.b3.TrainingAssessement.TestScenarios" tests="1" failures="0" timestamp="18 Oct 2021 08:57:10 GMT" time="8.687" errors="0">
  <testcase name="TS001" time="8.687" classname="com.sam.b3.TrainingAssessement.TestScenarios"/>
</testsuite> <!-- com.sam.b3.TrainingAssessement.TestScenarios -->
